ARM GAS  C:\Users\xo868\AppData\Local\Temp\ccLvaO2O.s 			page 1


   1              		.cpu cortex-m3
   2              		.arch armv7-m
   3              		.fpu softvfp
   4              		.eabi_attribute 20, 1
   5              		.eabi_attribute 21, 1
   6              		.eabi_attribute 23, 3
   7              		.eabi_attribute 24, 1
   8              		.eabi_attribute 25, 1
   9              		.eabi_attribute 26, 1
  10              		.eabi_attribute 30, 1
  11              		.eabi_attribute 34, 1
  12              		.eabi_attribute 18, 4
  13              		.file	"tim.c"
  14              		.text
  15              	.Ltext0:
  16              		.cfi_sections	.debug_frame
  17              		.section	.text.MX_TIM1_Init,"ax",%progbits
  18              		.align	1
  19              		.global	MX_TIM1_Init
  20              		.syntax unified
  21              		.thumb
  22              		.thumb_func
  24              	MX_TIM1_Init:
  25              	.LFB65:
  26              		.file 1 "Core/Src/tim.c"
   1:Core/Src/tim.c **** /* USER CODE BEGIN Header */
   2:Core/Src/tim.c **** /**
   3:Core/Src/tim.c ****   ******************************************************************************
   4:Core/Src/tim.c ****   * @file    tim.c
   5:Core/Src/tim.c ****   * @brief   This file provides code for the configuration
   6:Core/Src/tim.c ****   *          of the TIM instances.
   7:Core/Src/tim.c ****   ******************************************************************************
   8:Core/Src/tim.c ****   * @attention
   9:Core/Src/tim.c ****   *
  10:Core/Src/tim.c ****   * Copyright (c) 2022 STMicroelectronics.
  11:Core/Src/tim.c ****   * All rights reserved.
  12:Core/Src/tim.c ****   *
  13:Core/Src/tim.c ****   * This software is licensed under terms that can be found in the LICENSE file
  14:Core/Src/tim.c ****   * in the root directory of this software component.
  15:Core/Src/tim.c ****   * If no LICENSE file comes with this software, it is provided AS-IS.
  16:Core/Src/tim.c ****   *
  17:Core/Src/tim.c ****   ******************************************************************************
  18:Core/Src/tim.c ****   */
  19:Core/Src/tim.c **** /* USER CODE END Header */
  20:Core/Src/tim.c **** /* Includes ------------------------------------------------------------------*/
  21:Core/Src/tim.c **** #include "tim.h"
  22:Core/Src/tim.c **** 
  23:Core/Src/tim.c **** /* USER CODE BEGIN 0 */
  24:Core/Src/tim.c **** 
  25:Core/Src/tim.c **** /* USER CODE END 0 */
  26:Core/Src/tim.c **** 
  27:Core/Src/tim.c **** TIM_HandleTypeDef htim1;
  28:Core/Src/tim.c **** 
  29:Core/Src/tim.c **** /* TIM1 init function */
  30:Core/Src/tim.c **** void MX_TIM1_Init(void)
  31:Core/Src/tim.c **** {
  27              		.loc 1 31 1 view -0
ARM GAS  C:\Users\xo868\AppData\Local\Temp\ccLvaO2O.s 			page 2


  28              		.cfi_startproc
  29              		@ args = 0, pretend = 0, frame = 24
  30              		@ frame_needed = 0, uses_anonymous_args = 0
  31 0000 00B5     		push	{lr}
  32              	.LCFI0:
  33              		.cfi_def_cfa_offset 4
  34              		.cfi_offset 14, -4
  35 0002 87B0     		sub	sp, sp, #28
  36              	.LCFI1:
  37              		.cfi_def_cfa_offset 32
  32:Core/Src/tim.c **** 
  33:Core/Src/tim.c ****   /* USER CODE BEGIN TIM1_Init 0 */
  34:Core/Src/tim.c **** 
  35:Core/Src/tim.c ****   /* USER CODE END TIM1_Init 0 */
  36:Core/Src/tim.c **** 
  37:Core/Src/tim.c ****   TIM_ClockConfigTypeDef sClockSourceConfig = {0};
  38              		.loc 1 37 3 view .LVU1
  39              		.loc 1 37 26 is_stmt 0 view .LVU2
  40 0004 0023     		movs	r3, #0
  41 0006 0293     		str	r3, [sp, #8]
  42 0008 0393     		str	r3, [sp, #12]
  43 000a 0493     		str	r3, [sp, #16]
  44 000c 0593     		str	r3, [sp, #20]
  38:Core/Src/tim.c ****   TIM_MasterConfigTypeDef sMasterConfig = {0};
  45              		.loc 1 38 3 is_stmt 1 view .LVU3
  46              		.loc 1 38 27 is_stmt 0 view .LVU4
  47 000e 0093     		str	r3, [sp]
  48 0010 0193     		str	r3, [sp, #4]
  39:Core/Src/tim.c **** 
  40:Core/Src/tim.c ****   /* USER CODE BEGIN TIM1_Init 1 */
  41:Core/Src/tim.c **** 
  42:Core/Src/tim.c ****   /* USER CODE END TIM1_Init 1 */
  43:Core/Src/tim.c ****   htim1.Instance = TIM1;
  49              		.loc 1 43 3 is_stmt 1 view .LVU5
  50              		.loc 1 43 18 is_stmt 0 view .LVU6
  51 0012 1548     		ldr	r0, .L9
  52 0014 154A     		ldr	r2, .L9+4
  53 0016 0260     		str	r2, [r0]
  44:Core/Src/tim.c ****   htim1.Init.Prescaler = 0;
  54              		.loc 1 44 3 is_stmt 1 view .LVU7
  55              		.loc 1 44 24 is_stmt 0 view .LVU8
  56 0018 4360     		str	r3, [r0, #4]
  45:Core/Src/tim.c ****   htim1.Init.CounterMode = TIM_COUNTERMODE_UP;
  57              		.loc 1 45 3 is_stmt 1 view .LVU9
  58              		.loc 1 45 26 is_stmt 0 view .LVU10
  59 001a 8360     		str	r3, [r0, #8]
  46:Core/Src/tim.c ****   htim1.Init.Period = 65535;
  60              		.loc 1 46 3 is_stmt 1 view .LVU11
  61              		.loc 1 46 21 is_stmt 0 view .LVU12
  62 001c 4FF6FF72 		movw	r2, #65535
  63 0020 C260     		str	r2, [r0, #12]
  47:Core/Src/tim.c ****   htim1.Init.ClockDivision = TIM_CLOCKDIVISION_DIV1;
  64              		.loc 1 47 3 is_stmt 1 view .LVU13
  65              		.loc 1 47 28 is_stmt 0 view .LVU14
  66 0022 0361     		str	r3, [r0, #16]
  48:Core/Src/tim.c ****   htim1.Init.RepetitionCounter = 0;
  67              		.loc 1 48 3 is_stmt 1 view .LVU15
ARM GAS  C:\Users\xo868\AppData\Local\Temp\ccLvaO2O.s 			page 3


  68              		.loc 1 48 32 is_stmt 0 view .LVU16
  69 0024 4361     		str	r3, [r0, #20]
  49:Core/Src/tim.c ****   htim1.Init.AutoReloadPreload = TIM_AUTORELOAD_PRELOAD_DISABLE;
  70              		.loc 1 49 3 is_stmt 1 view .LVU17
  71              		.loc 1 49 32 is_stmt 0 view .LVU18
  72 0026 8361     		str	r3, [r0, #24]
  50:Core/Src/tim.c ****   if (HAL_TIM_Base_Init(&htim1) != HAL_OK)
  73              		.loc 1 50 3 is_stmt 1 view .LVU19
  74              		.loc 1 50 7 is_stmt 0 view .LVU20
  75 0028 FFF7FEFF 		bl	HAL_TIM_Base_Init
  76              	.LVL0:
  77              		.loc 1 50 6 view .LVU21
  78 002c 90B9     		cbnz	r0, .L6
  79              	.L2:
  51:Core/Src/tim.c ****   {
  52:Core/Src/tim.c ****     Error_Handler();
  53:Core/Src/tim.c ****   }
  54:Core/Src/tim.c ****   sClockSourceConfig.ClockSource = TIM_CLOCKSOURCE_INTERNAL;
  80              		.loc 1 54 3 is_stmt 1 view .LVU22
  81              		.loc 1 54 34 is_stmt 0 view .LVU23
  82 002e 4FF48053 		mov	r3, #4096
  83 0032 0293     		str	r3, [sp, #8]
  55:Core/Src/tim.c ****   if (HAL_TIM_ConfigClockSource(&htim1, &sClockSourceConfig) != HAL_OK)
  84              		.loc 1 55 3 is_stmt 1 view .LVU24
  85              		.loc 1 55 7 is_stmt 0 view .LVU25
  86 0034 02A9     		add	r1, sp, #8
  87 0036 0C48     		ldr	r0, .L9
  88 0038 FFF7FEFF 		bl	HAL_TIM_ConfigClockSource
  89              	.LVL1:
  90              		.loc 1 55 6 view .LVU26
  91 003c 68B9     		cbnz	r0, .L7
  92              	.L3:
  56:Core/Src/tim.c ****   {
  57:Core/Src/tim.c ****     Error_Handler();
  58:Core/Src/tim.c ****   }
  59:Core/Src/tim.c ****   sMasterConfig.MasterOutputTrigger = TIM_TRGO_RESET;
  93              		.loc 1 59 3 is_stmt 1 view .LVU27
  94              		.loc 1 59 37 is_stmt 0 view .LVU28
  95 003e 0023     		movs	r3, #0
  96 0040 0093     		str	r3, [sp]
  60:Core/Src/tim.c ****   sMasterConfig.MasterSlaveMode = TIM_MASTERSLAVEMODE_DISABLE;
  97              		.loc 1 60 3 is_stmt 1 view .LVU29
  98              		.loc 1 60 33 is_stmt 0 view .LVU30
  99 0042 0193     		str	r3, [sp, #4]
  61:Core/Src/tim.c ****   if (HAL_TIMEx_MasterConfigSynchronization(&htim1, &sMasterConfig) != HAL_OK)
 100              		.loc 1 61 3 is_stmt 1 view .LVU31
 101              		.loc 1 61 7 is_stmt 0 view .LVU32
 102 0044 6946     		mov	r1, sp
 103 0046 0848     		ldr	r0, .L9
 104 0048 FFF7FEFF 		bl	HAL_TIMEx_MasterConfigSynchronization
 105              	.LVL2:
 106              		.loc 1 61 6 view .LVU33
 107 004c 40B9     		cbnz	r0, .L8
 108              	.L1:
  62:Core/Src/tim.c ****   {
  63:Core/Src/tim.c ****     Error_Handler();
  64:Core/Src/tim.c ****   }
ARM GAS  C:\Users\xo868\AppData\Local\Temp\ccLvaO2O.s 			page 4


  65:Core/Src/tim.c ****   /* USER CODE BEGIN TIM1_Init 2 */
  66:Core/Src/tim.c **** 
  67:Core/Src/tim.c ****   /* USER CODE END TIM1_Init 2 */
  68:Core/Src/tim.c **** 
  69:Core/Src/tim.c **** }
 109              		.loc 1 69 1 view .LVU34
 110 004e 07B0     		add	sp, sp, #28
 111              	.LCFI2:
 112              		.cfi_remember_state
 113              		.cfi_def_cfa_offset 4
 114              		@ sp needed
 115 0050 5DF804FB 		ldr	pc, [sp], #4
 116              	.L6:
 117              	.LCFI3:
 118              		.cfi_restore_state
  52:Core/Src/tim.c ****   }
 119              		.loc 1 52 5 is_stmt 1 view .LVU35
 120 0054 FFF7FEFF 		bl	Error_Handler
 121              	.LVL3:
 122 0058 E9E7     		b	.L2
 123              	.L7:
  57:Core/Src/tim.c ****   }
 124              		.loc 1 57 5 view .LVU36
 125 005a FFF7FEFF 		bl	Error_Handler
 126              	.LVL4:
 127 005e EEE7     		b	.L3
 128              	.L8:
  63:Core/Src/tim.c ****   }
 129              		.loc 1 63 5 view .LVU37
 130 0060 FFF7FEFF 		bl	Error_Handler
 131              	.LVL5:
 132              		.loc 1 69 1 is_stmt 0 view .LVU38
 133 0064 F3E7     		b	.L1
 134              	.L10:
 135 0066 00BF     		.align	2
 136              	.L9:
 137 0068 00000000 		.word	.LANCHOR0
 138 006c 002C0140 		.word	1073818624
 139              		.cfi_endproc
 140              	.LFE65:
 142              		.section	.text.HAL_TIM_Base_MspInit,"ax",%progbits
 143              		.align	1
 144              		.global	HAL_TIM_Base_MspInit
 145              		.syntax unified
 146              		.thumb
 147              		.thumb_func
 149              	HAL_TIM_Base_MspInit:
 150              	.LVL6:
 151              	.LFB66:
  70:Core/Src/tim.c **** 
  71:Core/Src/tim.c **** void HAL_TIM_Base_MspInit(TIM_HandleTypeDef* tim_baseHandle)
  72:Core/Src/tim.c **** {
 152              		.loc 1 72 1 is_stmt 1 view -0
 153              		.cfi_startproc
 154              		@ args = 0, pretend = 0, frame = 8
 155              		@ frame_needed = 0, uses_anonymous_args = 0
 156              		@ link register save eliminated.
ARM GAS  C:\Users\xo868\AppData\Local\Temp\ccLvaO2O.s 			page 5


  73:Core/Src/tim.c **** 
  74:Core/Src/tim.c ****   if(tim_baseHandle->Instance==TIM1)
 157              		.loc 1 74 3 view .LVU40
 158              		.loc 1 74 20 is_stmt 0 view .LVU41
 159 0000 0268     		ldr	r2, [r0]
 160              		.loc 1 74 5 view .LVU42
 161 0002 094B     		ldr	r3, .L18
 162 0004 9A42     		cmp	r2, r3
 163 0006 00D0     		beq	.L17
 164 0008 7047     		bx	lr
 165              	.L17:
  72:Core/Src/tim.c **** 
 166              		.loc 1 72 1 view .LVU43
 167 000a 82B0     		sub	sp, sp, #8
 168              	.LCFI4:
 169              		.cfi_def_cfa_offset 8
  75:Core/Src/tim.c ****   {
  76:Core/Src/tim.c ****   /* USER CODE BEGIN TIM1_MspInit 0 */
  77:Core/Src/tim.c **** 
  78:Core/Src/tim.c ****   /* USER CODE END TIM1_MspInit 0 */
  79:Core/Src/tim.c ****     /* TIM1 clock enable */
  80:Core/Src/tim.c ****     __HAL_RCC_TIM1_CLK_ENABLE();
 170              		.loc 1 80 5 is_stmt 1 view .LVU44
 171              	.LBB2:
 172              		.loc 1 80 5 view .LVU45
 173              		.loc 1 80 5 view .LVU46
 174 000c 03F56443 		add	r3, r3, #58368
 175 0010 9A69     		ldr	r2, [r3, #24]
 176 0012 42F40062 		orr	r2, r2, #2048
 177 0016 9A61     		str	r2, [r3, #24]
 178              		.loc 1 80 5 view .LVU47
 179 0018 9B69     		ldr	r3, [r3, #24]
 180 001a 03F40063 		and	r3, r3, #2048
 181 001e 0193     		str	r3, [sp, #4]
 182              		.loc 1 80 5 view .LVU48
 183 0020 019B     		ldr	r3, [sp, #4]
 184              	.LBE2:
 185              		.loc 1 80 5 view .LVU49
  81:Core/Src/tim.c ****   /* USER CODE BEGIN TIM1_MspInit 1 */
  82:Core/Src/tim.c **** 
  83:Core/Src/tim.c ****   /* USER CODE END TIM1_MspInit 1 */
  84:Core/Src/tim.c ****   }
  85:Core/Src/tim.c **** }
 186              		.loc 1 85 1 is_stmt 0 view .LVU50
 187 0022 02B0     		add	sp, sp, #8
 188              	.LCFI5:
 189              		.cfi_def_cfa_offset 0
 190              		@ sp needed
 191 0024 7047     		bx	lr
 192              	.L19:
 193 0026 00BF     		.align	2
 194              	.L18:
 195 0028 002C0140 		.word	1073818624
 196              		.cfi_endproc
 197              	.LFE66:
 199              		.section	.text.HAL_TIM_Base_MspDeInit,"ax",%progbits
 200              		.align	1
ARM GAS  C:\Users\xo868\AppData\Local\Temp\ccLvaO2O.s 			page 6


 201              		.global	HAL_TIM_Base_MspDeInit
 202              		.syntax unified
 203              		.thumb
 204              		.thumb_func
 206              	HAL_TIM_Base_MspDeInit:
 207              	.LVL7:
 208              	.LFB67:
  86:Core/Src/tim.c **** 
  87:Core/Src/tim.c **** void HAL_TIM_Base_MspDeInit(TIM_HandleTypeDef* tim_baseHandle)
  88:Core/Src/tim.c **** {
 209              		.loc 1 88 1 is_stmt 1 view -0
 210              		.cfi_startproc
 211              		@ args = 0, pretend = 0, frame = 0
 212              		@ frame_needed = 0, uses_anonymous_args = 0
 213              		@ link register save eliminated.
  89:Core/Src/tim.c **** 
  90:Core/Src/tim.c ****   if(tim_baseHandle->Instance==TIM1)
 214              		.loc 1 90 3 view .LVU52
 215              		.loc 1 90 20 is_stmt 0 view .LVU53
 216 0000 0268     		ldr	r2, [r0]
 217              		.loc 1 90 5 view .LVU54
 218 0002 054B     		ldr	r3, .L23
 219 0004 9A42     		cmp	r2, r3
 220 0006 00D0     		beq	.L22
 221              	.L20:
  91:Core/Src/tim.c ****   {
  92:Core/Src/tim.c ****   /* USER CODE BEGIN TIM1_MspDeInit 0 */
  93:Core/Src/tim.c **** 
  94:Core/Src/tim.c ****   /* USER CODE END TIM1_MspDeInit 0 */
  95:Core/Src/tim.c ****     /* Peripheral clock disable */
  96:Core/Src/tim.c ****     __HAL_RCC_TIM1_CLK_DISABLE();
  97:Core/Src/tim.c ****   /* USER CODE BEGIN TIM1_MspDeInit 1 */
  98:Core/Src/tim.c **** 
  99:Core/Src/tim.c ****   /* USER CODE END TIM1_MspDeInit 1 */
 100:Core/Src/tim.c ****   }
 101:Core/Src/tim.c **** }
 222              		.loc 1 101 1 view .LVU55
 223 0008 7047     		bx	lr
 224              	.L22:
  96:Core/Src/tim.c ****   /* USER CODE BEGIN TIM1_MspDeInit 1 */
 225              		.loc 1 96 5 is_stmt 1 view .LVU56
 226 000a 044A     		ldr	r2, .L23+4
 227 000c 9369     		ldr	r3, [r2, #24]
 228 000e 23F40063 		bic	r3, r3, #2048
 229 0012 9361     		str	r3, [r2, #24]
 230              		.loc 1 101 1 is_stmt 0 view .LVU57
 231 0014 F8E7     		b	.L20
 232              	.L24:
 233 0016 00BF     		.align	2
 234              	.L23:
 235 0018 002C0140 		.word	1073818624
 236 001c 00100240 		.word	1073876992
 237              		.cfi_endproc
 238              	.LFE67:
 240              		.global	htim1
 241              		.section	.bss.htim1,"aw",%nobits
 242              		.align	2
ARM GAS  C:\Users\xo868\AppData\Local\Temp\ccLvaO2O.s 			page 7


 243              		.set	.LANCHOR0,. + 0
 246              	htim1:
 247 0000 00000000 		.space	72
 247      00000000 
 247      00000000 
 247      00000000 
 247      00000000 
 248              		.text
 249              	.Letext0:
 250              		.file 2 "c:\\toyo\\gnu arm embedded toolchain\\10 2021.10\\arm-none-eabi\\include\\machine\\_defau
 251              		.file 3 "c:\\toyo\\gnu arm embedded toolchain\\10 2021.10\\arm-none-eabi\\include\\sys\\_stdint.h"
 252              		.file 4 "Drivers/CMSIS/Device/ST/STM32F1xx/Include/stm32f103xe.h"
 253              		.file 5 "Drivers/STM32F1xx_HAL_Driver/Inc/stm32f1xx_hal_def.h"
 254              		.file 6 "Drivers/STM32F1xx_HAL_Driver/Inc/stm32f1xx_hal_dma.h"
 255              		.file 7 "Drivers/STM32F1xx_HAL_Driver/Inc/stm32f1xx_hal_tim.h"
 256              		.file 8 "Drivers/STM32F1xx_HAL_Driver/Inc/stm32f1xx_hal_tim_ex.h"
 257              		.file 9 "Core/Inc/main.h"
 258              		.file 10 "Core/Inc/tim.h"
ARM GAS  C:\Users\xo868\AppData\Local\Temp\ccLvaO2O.s 			page 8


DEFINED SYMBOLS
                            *ABS*:00000000 tim.c
C:\Users\xo868\AppData\Local\Temp\ccLvaO2O.s:18     .text.MX_TIM1_Init:00000000 $t
C:\Users\xo868\AppData\Local\Temp\ccLvaO2O.s:24     .text.MX_TIM1_Init:00000000 MX_TIM1_Init
C:\Users\xo868\AppData\Local\Temp\ccLvaO2O.s:137    .text.MX_TIM1_Init:00000068 $d
C:\Users\xo868\AppData\Local\Temp\ccLvaO2O.s:143    .text.HAL_TIM_Base_MspInit:00000000 $t
C:\Users\xo868\AppData\Local\Temp\ccLvaO2O.s:149    .text.HAL_TIM_Base_MspInit:00000000 HAL_TIM_Base_MspInit
C:\Users\xo868\AppData\Local\Temp\ccLvaO2O.s:195    .text.HAL_TIM_Base_MspInit:00000028 $d
C:\Users\xo868\AppData\Local\Temp\ccLvaO2O.s:200    .text.HAL_TIM_Base_MspDeInit:00000000 $t
C:\Users\xo868\AppData\Local\Temp\ccLvaO2O.s:206    .text.HAL_TIM_Base_MspDeInit:00000000 HAL_TIM_Base_MspDeInit
C:\Users\xo868\AppData\Local\Temp\ccLvaO2O.s:235    .text.HAL_TIM_Base_MspDeInit:00000018 $d
C:\Users\xo868\AppData\Local\Temp\ccLvaO2O.s:246    .bss.htim1:00000000 htim1
C:\Users\xo868\AppData\Local\Temp\ccLvaO2O.s:242    .bss.htim1:00000000 $d

UNDEFINED SYMBOLS
HAL_TIM_Base_Init
HAL_TIM_ConfigClockSource
HAL_TIMEx_MasterConfigSynchronization
Error_Handler
